<?xml version="1.0" encoding="UTF-8"?>
<testng-results skipped="0" failed="0" total="1" passed="1">
  <reporter-output>
  </reporter-output>
  <suite name="Default suite" duration-ms="24346" started-at="2025-02-26T13:47:07Z" finished-at="2025-02-26T13:47:32Z">
    <groups>
    </groups>
    <test name="Default test" duration-ms="24346" started-at="2025-02-26T13:47:07Z" finished-at="2025-02-26T13:47:32Z">
      <class name="com.google.GoogleSuggestionTask">
        <test-method status="PASS" signature="beforeClass()[pri:0, instance:com.google.GoogleSuggestionTask@239963d8]" name="beforeClass" is-config="true" duration-ms="14230" started-at="2025-02-26T19:17:07Z" finished-at="2025-02-26T19:17:21Z">
          <reporter-output>
          </reporter-output>
        </test-method> <!-- beforeClass -->
        <test-method status="PASS" signature="getGoogleSuggestions()[pri:0, instance:com.google.GoogleSuggestionTask@239963d8]" name="getGoogleSuggestions" duration-ms="10091" started-at="2025-02-26T19:17:21Z" finished-at="2025-02-26T19:17:31Z">
          <reporter-output>
          </reporter-output>
        </test-method> <!-- getGoogleSuggestions -->
        <test-method status="PASS" signature="beforeMethod()[pri:0, instance:com.google.GoogleSuggestionTask@239963d8]" name="beforeMethod" is-config="true" duration-ms="0" started-at="2025-02-26T19:17:21Z" finished-at="2025-02-26T19:17:21Z">
          <reporter-output>
          </reporter-output>
        </test-method> <!-- beforeMethod -->
        <test-method status="PASS" signature="afterClass()[pri:0, instance:com.google.GoogleSuggestionTask@239963d8]" name="afterClass" is-config="true" duration-ms="0" started-at="2025-02-26T19:17:31Z" finished-at="2025-02-26T19:17:31Z">
          <reporter-output>
          </reporter-output>
        </test-method> <!-- afterClass -->
        <test-method status="PASS" signature="afterMethod()[pri:0, instance:com.google.GoogleSuggestionTask@239963d8]" name="afterMethod" is-config="true" duration-ms="0" started-at="2025-02-26T19:17:31Z" finished-at="2025-02-26T19:17:31Z">
          <reporter-output>
          </reporter-output>
        </test-method> <!-- afterMethod -->
      </class> <!-- com.google.GoogleSuggestionTask -->
    </test> <!-- Default test -->
  </suite> <!-- Default suite -->
</testng-results>
