<?xml version="1.0" encoding="UTF-8"?>
<testng-results skipped="0" failed="0" total="1" passed="1">
  <reporter-output>
  </reporter-output>
  <suite name="Default suite" duration-ms="15464" started-at="2025-02-26T06:19:34Z" finished-at="2025-02-26T06:19:49Z">
    <groups>
    </groups>
    <test name="Default test" duration-ms="15464" started-at="2025-02-26T06:19:34Z" finished-at="2025-02-26T06:19:49Z">
      <class name="com.google.GoogleSuggestionTask">
        <test-method status="PASS" signature="beforeClass()[pri:0, instance:com.google.GoogleSuggestionTask@239963d8]" name="beforeClass" is-config="true" duration-ms="5476" started-at="2025-02-26T11:49:34Z" finished-at="2025-02-26T11:49:39Z">
          <reporter-output>
          </reporter-output>
        </test-method> <!-- beforeClass -->
        <test-method status="PASS" signature="beforeMethod()[pri:0, instance:com.google.GoogleSuggestionTask@239963d8]" name="beforeMethod" is-config="true" duration-ms="6" started-at="2025-02-26T11:49:39Z" finished-at="2025-02-26T11:49:39Z">
          <reporter-output>
          </reporter-output>
        </test-method> <!-- beforeMethod -->
        <test-method status="PASS" signature="getGoogleSuggestions()[pri:0, instance:com.google.GoogleSuggestionTask@239963d8]" name="getGoogleSuggestions" duration-ms="9968" started-at="2025-02-26T11:49:39Z" finished-at="2025-02-26T11:49:49Z">
          <reporter-output>
          </reporter-output>
        </test-method> <!-- getGoogleSuggestions -->
        <test-method status="PASS" signature="afterClass()[pri:0, instance:com.google.GoogleSuggestionTask@239963d8]" name="afterClass" is-config="true" duration-ms="0" started-at="2025-02-26T11:49:49Z" finished-at="2025-02-26T11:49:49Z">
          <reporter-output>
          </reporter-output>
        </test-method> <!-- afterClass -->
        <test-method status="PASS" signature="afterMethod()[pri:0, instance:com.google.GoogleSuggestionTask@239963d8]" name="afterMethod" is-config="true" duration-ms="0" started-at="2025-02-26T11:49:49Z" finished-at="2025-02-26T11:49:49Z">
          <reporter-output>
          </reporter-output>
        </test-method> <!-- afterMethod -->
      </class> <!-- com.google.GoogleSuggestionTask -->
    </test> <!-- Default test -->
  </suite> <!-- Default suite -->
</testng-results>
